Arguments: 
  /usr/local/bin/node /usr/local/bin/yarn add readline-sync

PATH: 
  /Users/micheledeoliveira/.rbenv/shims:/Users/micheledeoliveira/.rbenv/bin:/Users/micheledeoliveira/.rbenv/shims:/usr/local/bin:/usr/bin:/bin:/usr/sbin:/sbin:/Users/micheledeoliveira/.rbenv/bin

Yarn version: 
  1.22.5

Node version: 
  12.18.3

Platform: 
  darwin x64

Trace: 
  SyntaxError: /Users/micheledeoliveira/Desktop/wyncode/weekendproject/package.json: Unexpected end of JSON input
      at JSON.parse (<anonymous>)
      at /usr/local/lib/node_modules/yarn/lib/cli.js:1625:59
      at Generator.next (<anonymous>)
      at step (/usr/local/lib/node_modules/yarn/lib/cli.js:310:30)
      at /usr/local/lib/node_modules/yarn/lib/cli.js:321:13

npm manifest: 
  

yarn manifest: 
  No manifest

Lockfile: 
  No lockfile
